[debug] [2020-09-27T00:45:06.301Z] ----------------------------------------------------------------------
[debug] [2020-09-27T00:45:06.303Z] Command:       C:\Program Files\nodejs\node.exe C:\Users\Khaled\AppData\Roaming\npm\node_modules\firebase-tools\lib\bin\firebase.js deploy --only functions
[debug] [2020-09-27T00:45:06.303Z] CLI Version:   8.11.2
[debug] [2020-09-27T00:45:06.304Z] Platform:      win32
[debug] [2020-09-27T00:45:06.304Z] Node Version:  v12.18.3
[debug] [2020-09-27T00:45:06.305Z] Time:          Sun Sep 27 2020 03:45:06 GMT+0300 (Eastern European Summer Time)
[debug] [2020-09-27T00:45:06.305Z] ----------------------------------------------------------------------
[debug] [2020-09-27T00:45:06.305Z] 
[debug] [2020-09-27T00:45:06.316Z] > command requires scopes: ["email","openid","https://www.googleapis.com/auth/cloudplatformprojects.readonly","https://www.googleapis.com/auth/firebase","https://www.googleapis.com/auth/cloud-platform"]
[debug] [2020-09-27T00:45:06.316Z] > authorizing via signed-in user
[debug] [2020-09-27T00:45:06.317Z] [iam] checking project timetracker-cf86b for permissions ["cloudfunctions.functions.create","cloudfunctions.functions.delete","cloudfunctions.functions.get","cloudfunctions.functions.list","cloudfunctions.functions.update","cloudfunctions.operations.get","firebase.projects.get"]
[debug] [2020-09-27T00:45:06.321Z] >>> HTTP REQUEST POST https://cloudresourcemanager.googleapis.com/v1/projects/timetracker-cf86b:testIamPermissions  
 {"permissions":["cloudfunctions.functions.create","cloudfunctions.functions.delete","cloudfunctions.functions.get","cloudfunctions.functions.list","cloudfunctions.functions.update","cloudfunctions.operations.get","firebase.projects.get"]}
[debug] [2020-09-27T00:45:07.261Z] <<< HTTP RESPONSE 200 {"content-type":"application/json; charset=UTF-8","vary":"X-Origin, Referer, Origin,Accept-Encoding","date":"Sun, 27 Sep 2020 00:45:07 GMT","server":"ESF","cache-control":"private","x-xss-protection":"0","x-frame-options":"SAMEORIGIN","x-content-type-options":"nosniff","server-timing":"gfet4t7; dur=678","alt-svc":"h3-Q050=\":443\"; ma=2592000,h3-29=\":443\"; ma=2592000,h3-27=\":443\"; ma=2592000,h3-T051=\":443\"; ma=2592000,h3-T050=\":443\"; ma=2592000,h3-Q046=\":443\"; ma=2592000,h3-Q043=\":443\"; ma=2592000,quic=\":443\"; ma=2592000; v=\"46,43\"","accept-ranges":"none","transfer-encoding":"chunked"}
[debug] [2020-09-27T00:45:07.263Z] >>> HTTP REQUEST POST https://iam.googleapis.com/v1/projects/timetracker-cf86b/serviceAccounts/timetracker-cf86b@appspot.gserviceaccount.com:testIamPermissions  
 {"permissions":["iam.serviceAccounts.actAs"]}
[debug] [2020-09-27T00:45:08.138Z] <<< HTTP RESPONSE 200 {"content-type":"application/json; charset=UTF-8","vary":"X-Origin, Referer, Origin,Accept-Encoding","date":"Sun, 27 Sep 2020 00:45:08 GMT","server":"ESF","cache-control":"private","x-xss-protection":"0","x-frame-options":"SAMEORIGIN","x-content-type-options":"nosniff","alt-svc":"h3-Q050=\":443\"; ma=2592000,h3-29=\":443\"; ma=2592000,h3-27=\":443\"; ma=2592000,h3-T051=\":443\"; ma=2592000,h3-T050=\":443\"; ma=2592000,h3-Q046=\":443\"; ma=2592000,h3-Q043=\":443\"; ma=2592000,quic=\":443\"; ma=2592000; v=\"46,43\"","accept-ranges":"none","transfer-encoding":"chunked"}
[info] 
[info] === Deploying to 'timetracker-cf86b'...
[info] 
[info] i  deploying functions 
[info] Running command: npm --prefix "$RESOURCE_DIR" run lint
[info] +  functions: Finished running predeploy script. 
[debug] [2020-09-27T00:45:22.896Z] > [functions] package.json contents: {
  "name": "functions",
  "description": "Cloud Functions for Firebase",
  "scripts": {
    "lint": "eslint .",
    "serve": "firebase emulators:start --only functions",
    "shell": "firebase functions:shell",
    "start": "npm run shell",
    "deploy": "firebase deploy --only functions",
    "logs": "firebase functions:log"
  },
  "engines": {
    "node": "10"
  },
  "main": "index.js",
  "dependencies": {
    "firebase-admin": "^8.10.0",
    "firebase-functions": "^3.6.1"
  },
  "devDependencies": {
    "eslint": "^5.12.0",
    "eslint-plugin-promise": "^4.0.1",
    "firebase-functions-test": "^0.2.0"
  },
  "private": true
}
[info] i  functions: ensuring required API cloudfunctions.googleapis.com is enabled... 
[info] i  functions: ensuring required API cloudbuild.googleapis.com is enabled... 
[debug] [2020-09-27T00:45:26.668Z] >>> HTTP REQUEST GET https://serviceusage.googleapis.com/v1/projects/timetracker-cf86b/services/cloudfunctions.googleapis.com  
 
[debug] [2020-09-27T00:45:26.669Z] >>> HTTP REQUEST GET https://serviceusage.googleapis.com/v1/projects/timetracker-cf86b/services/runtimeconfig.googleapis.com  
 
[debug] [2020-09-27T00:45:26.669Z] >>> HTTP REQUEST GET https://serviceusage.googleapis.com/v1/projects/timetracker-cf86b/services/cloudbuild.googleapis.com  
 
[debug] [2020-09-27T00:45:27.691Z] <<< HTTP RESPONSE 200 {"content-type":"application/json; charset=UTF-8","vary":"X-Origin, Referer, Origin,Accept-Encoding","date":"Sun, 27 Sep 2020 00:45:28 GMT","server":"ESF","cache-control":"private","x-xss-protection":"0","x-frame-options":"SAMEORIGIN","x-content-type-options":"nosniff","alt-svc":"h3-Q050=\":443\"; ma=2592000,h3-29=\":443\"; ma=2592000,h3-27=\":443\"; ma=2592000,h3-T051=\":443\"; ma=2592000,h3-T050=\":443\"; ma=2592000,h3-Q046=\":443\"; ma=2592000,h3-Q043=\":443\"; ma=2592000,quic=\":443\"; ma=2592000; v=\"46,43\"","accept-ranges":"none","transfer-encoding":"chunked"}
[debug] [2020-09-27T00:45:27.772Z] <<< HTTP RESPONSE 200 {"content-type":"application/json; charset=UTF-8","vary":"X-Origin, Referer, Origin,Accept-Encoding","date":"Sun, 27 Sep 2020 00:45:28 GMT","server":"ESF","cache-control":"private","x-xss-protection":"0","x-frame-options":"SAMEORIGIN","x-content-type-options":"nosniff","alt-svc":"h3-Q050=\":443\"; ma=2592000,h3-29=\":443\"; ma=2592000,h3-27=\":443\"; ma=2592000,h3-T051=\":443\"; ma=2592000,h3-T050=\":443\"; ma=2592000,h3-Q046=\":443\"; ma=2592000,h3-Q043=\":443\"; ma=2592000,quic=\":443\"; ma=2592000; v=\"46,43\"","accept-ranges":"none","transfer-encoding":"chunked"}
[info] +  functions: required API cloudbuild.googleapis.com is enabled 
[debug] [2020-09-27T00:45:27.855Z] <<< HTTP RESPONSE 200 {"content-type":"application/json; charset=UTF-8","vary":"X-Origin, Referer, Origin,Accept-Encoding","date":"Sun, 27 Sep 2020 00:45:28 GMT","server":"ESF","cache-control":"private","x-xss-protection":"0","x-frame-options":"SAMEORIGIN","x-content-type-options":"nosniff","alt-svc":"h3-Q050=\":443\"; ma=2592000,h3-29=\":443\"; ma=2592000,h3-27=\":443\"; ma=2592000,h3-T051=\":443\"; ma=2592000,h3-T050=\":443\"; ma=2592000,h3-Q046=\":443\"; ma=2592000,h3-Q043=\":443\"; ma=2592000,quic=\":443\"; ma=2592000; v=\"46,43\"","accept-ranges":"none","transfer-encoding":"chunked"}
[info] +  functions: required API cloudfunctions.googleapis.com is enabled 
[debug] [2020-09-27T00:45:27.880Z] >>> HTTP REQUEST GET https://firebase.googleapis.com/v1beta1/projects/timetracker-cf86b/adminSdkConfig  
 
[debug] [2020-09-27T00:45:28.454Z] <<< HTTP RESPONSE 200 {"content-type":"application/json; charset=UTF-8","vary":"X-Origin, Referer, Origin,Accept-Encoding","date":"Sun, 27 Sep 2020 00:45:28 GMT","server":"ESF","cache-control":"private","x-xss-protection":"0","x-frame-options":"SAMEORIGIN","x-content-type-options":"nosniff","alt-svc":"h3-Q050=\":443\"; ma=2592000,h3-29=\":443\"; ma=2592000,h3-27=\":443\"; ma=2592000,h3-T051=\":443\"; ma=2592000,h3-T050=\":443\"; ma=2592000,h3-Q046=\":443\"; ma=2592000,h3-Q043=\":443\"; ma=2592000,quic=\":443\"; ma=2592000; v=\"46,43\"","accept-ranges":"none","transfer-encoding":"chunked"}
[info] i  functions: preparing functions directory for uploading... 
[debug] [2020-09-27T00:45:28.457Z] >>> HTTP REQUEST GET https://runtimeconfig.googleapis.com/v1beta1/projects/timetracker-cf86b/configs  
 
[debug] [2020-09-27T00:45:29.162Z] <<< HTTP RESPONSE 200 {"content-type":"application/json; charset=UTF-8","vary":"X-Origin, Referer, Origin,Accept-Encoding","date":"Sun, 27 Sep 2020 00:45:29 GMT","server":"ESF","cache-control":"private","x-xss-protection":"0","x-frame-options":"SAMEORIGIN","x-content-type-options":"nosniff","alt-svc":"h3-Q050=\":443\"; ma=2592000,h3-29=\":443\"; ma=2592000,h3-27=\":443\"; ma=2592000,h3-T051=\":443\"; ma=2592000,h3-T050=\":443\"; ma=2592000,h3-Q046=\":443\"; ma=2592000,h3-Q043=\":443\"; ma=2592000,quic=\":443\"; ma=2592000; v=\"46,43\"","accept-ranges":"none","transfer-encoding":"chunked"}
[info] i  functions: packaged functions (39.93 KB) for uploading 
[debug] [2020-09-27T00:45:29.460Z] >>> HTTP REQUEST GET https://cloudfunctions.googleapis.com/v1/projects/timetracker-cf86b/locations/-/functions  
 
[debug] [2020-09-27T00:45:30.338Z] <<< HTTP RESPONSE 200 {"content-type":"application/json; charset=UTF-8","vary":"X-Origin, Referer, Origin,Accept-Encoding","date":"Sun, 27 Sep 2020 00:45:30 GMT","server":"ESF","cache-control":"private","x-xss-protection":"0","x-frame-options":"SAMEORIGIN","x-content-type-options":"nosniff","alt-svc":"h3-Q050=\":443\"; ma=2592000,h3-29=\":443\"; ma=2592000,h3-27=\":443\"; ma=2592000,h3-T051=\":443\"; ma=2592000,h3-T050=\":443\"; ma=2592000,h3-Q046=\":443\"; ma=2592000,h3-Q043=\":443\"; ma=2592000,quic=\":443\"; ma=2592000; v=\"46,43\"","accept-ranges":"none","transfer-encoding":"chunked"}
[debug] [2020-09-27T00:45:30.343Z] [functions] found 2 new HTTP functions, testing setIamPolicy permission...
[debug] [2020-09-27T00:45:30.344Z] >>> HTTP REQUEST POST https://cloudresourcemanager.googleapis.com/v1/projects/timetracker-cf86b:testIamPermissions  
 {"permissions":["cloudfunctions.functions.setIamPolicy"]}
[debug] [2020-09-27T00:45:31.188Z] <<< HTTP RESPONSE 200 {"content-type":"application/json; charset=UTF-8","vary":"X-Origin, Referer, Origin,Accept-Encoding","date":"Sun, 27 Sep 2020 00:45:31 GMT","server":"ESF","cache-control":"private","x-xss-protection":"0","x-frame-options":"SAMEORIGIN","x-content-type-options":"nosniff","server-timing":"gfet4t7; dur=620","alt-svc":"h3-Q050=\":443\"; ma=2592000,h3-29=\":443\"; ma=2592000,h3-27=\":443\"; ma=2592000,h3-T051=\":443\"; ma=2592000,h3-T050=\":443\"; ma=2592000,h3-Q046=\":443\"; ma=2592000,h3-Q043=\":443\"; ma=2592000,quic=\":443\"; ma=2592000; v=\"46,43\"","accept-ranges":"none","transfer-encoding":"chunked"}
[debug] [2020-09-27T00:45:31.189Z] [functions] found setIamPolicy permission, proceeding with deploy
[debug] [2020-09-27T00:45:31.190Z] >>> HTTP REQUEST POST https://cloudfunctions.googleapis.com/v1/projects/timetracker-cf86b/locations/us-central1/functions:generateUploadUrl  
 
[debug] [2020-09-27T00:45:31.989Z] <<< HTTP RESPONSE 200 {"content-type":"application/json; charset=UTF-8","vary":"X-Origin, Referer, Origin,Accept-Encoding","date":"Sun, 27 Sep 2020 00:45:32 GMT","server":"ESF","cache-control":"private","x-xss-protection":"0","x-frame-options":"SAMEORIGIN","x-content-type-options":"nosniff","alt-svc":"h3-Q050=\":443\"; ma=2592000,h3-29=\":443\"; ma=2592000,h3-27=\":443\"; ma=2592000,h3-T051=\":443\"; ma=2592000,h3-T050=\":443\"; ma=2592000,h3-Q046=\":443\"; ma=2592000,h3-Q043=\":443\"; ma=2592000,quic=\":443\"; ma=2592000; v=\"46,43\"","accept-ranges":"none","transfer-encoding":"chunked"}
[debug] [2020-09-27T00:45:31.990Z] >>> HTTP REQUEST PUT https://storage.googleapis.com/gcf-upload-us-central1-13d036eb-e0e2-4c74-8294-fe31c96b9f13/33018a56-c5b6-49d9-bc7d-ab125e8db3a1.zip?GoogleAccessId=service-599822167555@gcf-admin-robot.iam.gserviceaccount.com&Expires=1601169332&Signature=Gmhphuxi7ZJf7IO0lHF548cBkst5q%2BjIh6YuRkPo53UJocgi6GIcTfBdtTaFncUFgOLgFwy934NYFv6xLHN3aVVEQIAbalDpprb1TRndS5V0OEnZn57vfuzTkZGQEGF0Pg4T3S%2FChNs9cWPuTB2vEiaU3JA1Gung49ZvCL0B6P9YjnaDwJPV0jtPPjiwaIZCntR2TYVaNz9u9o5nD%2FmslQHJDgdExYdPoKrJ7JdFdA5hlEZr66Q5LQuveNPorNwEXkBE1OvYAth7tL2C%2FjbQsO7MuqXEojX7zE9fu2SkLfbM8mVG2CJq5uzYZd5X62yVgtz8l%2FOBXLTgibIj9dzOiQ%3D%3D  
 <request body omitted>
[debug] [2020-09-27T00:45:33.240Z] <<< HTTP RESPONSE 200 {"x-guploader-uploadid":"ABg5-UyY56GX4g-JadG6Z5PMf557ZMLt4db96MBC3uwCwICEvswSyFQevidCQ7OgZOCVD1jH1z2_QGyNw6Odz0ABpBjZvVliMw","etag":"\"49bff89c53376bcfe44957a8da26284f\"","x-goog-generation":"1601167533274574","x-goog-metageneration":"1","x-goog-hash":"crc32c=8hyGKA==, md5=Sb/4nFM3a8/kSVeo2iYoTw==","x-goog-stored-content-length":"40888","x-goog-stored-content-encoding":"identity","vary":"Origin","content-length":"0","date":"Sun, 27 Sep 2020 00:45:33 GMT","server":"UploadServer","content-type":"text/html; charset=UTF-8","alt-svc":"h3-Q050=\":443\"; ma=2592000,h3-29=\":443\"; ma=2592000,h3-27=\":443\"; ma=2592000,h3-T051=\":443\"; ma=2592000,h3-T050=\":443\"; ma=2592000,h3-Q046=\":443\"; ma=2592000,h3-Q043=\":443\"; ma=2592000,quic=\":443\"; ma=2592000; v=\"46,43\""}
[info] +  functions: functions folder uploaded successfully 
[info] i  functions: creating Node.js 10 function helloWorld(us-central1)... 
[debug] [2020-09-27T00:45:33.280Z] Trigger is:  {"httpsTrigger":{}}
[info] i  functions: creating Node.js 10 function getAllUsers(us-central1)... 
[debug] [2020-09-27T00:45:33.282Z] Trigger is:  {"httpsTrigger":{}}
[info] i  functions: updating Node.js 10 function userJoin(us-central1)... 
[debug] [2020-09-27T00:45:33.285Z] Trigger is:  {"eventTrigger":{"resource":"projects/timetracker-cf86b","eventType":"providers/firebase.auth/eventTypes/user.create","service":"firebaseauth.googleapis.com"}}
[info] 
The following functions are found in your project but do not exist in your local source code:
	listAllUsers(us-central1)

If you are renaming a function or changing its region, it is recommended that you create the new function first before deleting the old one to prevent event loss. For more info, visit https://firebase.google.com/docs/functions/manage-functions#modify

[info] i  functions: deleting function listAllUsers(us-central1)... 
[debug] [2020-09-27T00:50:09.873Z] >>> HTTP REQUEST POST https://cloudfunctions.googleapis.com/v1/projects/timetracker-cf86b/locations/us-central1/functions  
 {"sourceUploadUrl":"https://storage.googleapis.com/gcf-upload-us-central1-13d036eb-e0e2-4c74-8294-fe31c96b9f13/33018a56-c5b6-49d9-bc7d-ab125e8db3a1.zip?GoogleAccessId=service-599822167555@gcf-admin-robot.iam.gserviceaccount.com&Expires=1601169332&Signature=Gmhphuxi7ZJf7IO0lHF548cBkst5q%2BjIh6YuRkPo53UJocgi6GIcTfBdtTaFncUFgOLgFwy934NYFv6xLHN3aVVEQIAbalDpprb1TRndS5V0OEnZn57vfuzTkZGQEGF0Pg4T3S%2FChNs9cWPuTB2vEiaU3JA1Gung49ZvCL0B6P9YjnaDwJPV0jtPPjiwaIZCntR2TYVaNz9u9o5nD%2FmslQHJDgdExYdPoKrJ7JdFdA5hlEZr66Q5LQuveNPorNwEXkBE1OvYAth7tL2C%2FjbQsO7MuqXEojX7zE9fu2SkLfbM8mVG2CJq5uzYZd5X62yVgtz8l%2FOBXLTgibIj9dzOiQ%3D%3D","name":"projects/timetracker-cf86b/locations/us-central1/functions/helloWorld","entryPoint":"helloWorld","labels":{"deployment-tool":"cli-firebase"},"runtime":"nodejs10","environmentVariables":{"FIREBASE_CONFIG":"{\"projectId\":\"timetracker-cf86b\",\"databaseURL\":\"https://timetracker-cf86b.firebaseio.com\",\"storageBucket\":\"timetracker-cf86b.appspot.com\",\"locationId\":\"us-central\"}"},"httpsTrigger":{}}
[debug] [2020-09-27T00:50:09.874Z] >>> HTTP REQUEST POST https://cloudfunctions.googleapis.com/v1/projects/timetracker-cf86b/locations/us-central1/functions  
 {"sourceUploadUrl":"https://storage.googleapis.com/gcf-upload-us-central1-13d036eb-e0e2-4c74-8294-fe31c96b9f13/33018a56-c5b6-49d9-bc7d-ab125e8db3a1.zip?GoogleAccessId=service-599822167555@gcf-admin-robot.iam.gserviceaccount.com&Expires=1601169332&Signature=Gmhphuxi7ZJf7IO0lHF548cBkst5q%2BjIh6YuRkPo53UJocgi6GIcTfBdtTaFncUFgOLgFwy934NYFv6xLHN3aVVEQIAbalDpprb1TRndS5V0OEnZn57vfuzTkZGQEGF0Pg4T3S%2FChNs9cWPuTB2vEiaU3JA1Gung49ZvCL0B6P9YjnaDwJPV0jtPPjiwaIZCntR2TYVaNz9u9o5nD%2FmslQHJDgdExYdPoKrJ7JdFdA5hlEZr66Q5LQuveNPorNwEXkBE1OvYAth7tL2C%2FjbQsO7MuqXEojX7zE9fu2SkLfbM8mVG2CJq5uzYZd5X62yVgtz8l%2FOBXLTgibIj9dzOiQ%3D%3D","name":"projects/timetracker-cf86b/locations/us-central1/functions/getAllUsers","entryPoint":"getAllUsers","labels":{"deployment-tool":"cli-firebase"},"runtime":"nodejs10","environmentVariables":{"FIREBASE_CONFIG":"{\"projectId\":\"timetracker-cf86b\",\"databaseURL\":\"https://timetracker-cf86b.firebaseio.com\",\"storageBucket\":\"timetracker-cf86b.appspot.com\",\"locationId\":\"us-central\"}"},"httpsTrigger":{}}
[debug] [2020-09-27T00:50:09.875Z] >>> HTTP REQUEST PATCH https://cloudfunctions.googleapis.com/v1/projects/timetracker-cf86b/locations/us-central1/functions/userJoin {"updateMask":"sourceUploadUrl,name,labels,runtime,environmentVariables,eventTrigger.resource,eventTrigger.eventType,eventTrigger.service,eventTrigger.failurePolicy"} 
 {"sourceUploadUrl":"https://storage.googleapis.com/gcf-upload-us-central1-13d036eb-e0e2-4c74-8294-fe31c96b9f13/33018a56-c5b6-49d9-bc7d-ab125e8db3a1.zip?GoogleAccessId=service-599822167555@gcf-admin-robot.iam.gserviceaccount.com&Expires=1601169332&Signature=Gmhphuxi7ZJf7IO0lHF548cBkst5q%2BjIh6YuRkPo53UJocgi6GIcTfBdtTaFncUFgOLgFwy934NYFv6xLHN3aVVEQIAbalDpprb1TRndS5V0OEnZn57vfuzTkZGQEGF0Pg4T3S%2FChNs9cWPuTB2vEiaU3JA1Gung49ZvCL0B6P9YjnaDwJPV0jtPPjiwaIZCntR2TYVaNz9u9o5nD%2FmslQHJDgdExYdPoKrJ7JdFdA5hlEZr66Q5LQuveNPorNwEXkBE1OvYAth7tL2C%2FjbQsO7MuqXEojX7zE9fu2SkLfbM8mVG2CJq5uzYZd5X62yVgtz8l%2FOBXLTgibIj9dzOiQ%3D%3D","name":"projects/timetracker-cf86b/locations/us-central1/functions/userJoin","labels":{"deployment-tool":"cli-firebase"},"eventTrigger":{"resource":"projects/timetracker-cf86b","eventType":"providers/firebase.auth/eventTypes/user.create","service":"firebaseauth.googleapis.com"},"runtime":"nodejs10","environmentVariables":{"FIREBASE_CONFIG":"{\"projectId\":\"timetracker-cf86b\",\"databaseURL\":\"https://timetracker-cf86b.firebaseio.com\",\"storageBucket\":\"timetracker-cf86b.appspot.com\",\"locationId\":\"us-central\"}"}}
[debug] [2020-09-27T00:50:09.877Z] >>> HTTP REQUEST DELETE https://cloudfunctions.googleapis.com/v1/projects/timetracker-cf86b/locations/us-central1/functions/listAllUsers  
 
[debug] [2020-09-27T00:50:10.392Z] <<< HTTP RESPONSE 200 {"content-type":"application/json; charset=UTF-8","vary":"X-Origin, Referer, Origin,Accept-Encoding","date":"Sun, 27 Sep 2020 00:50:10 GMT","server":"ESF","cache-control":"private","x-xss-protection":"0","x-frame-options":"SAMEORIGIN","x-content-type-options":"nosniff","alt-svc":"h3-Q050=\":443\"; ma=2592000,h3-29=\":443\"; ma=2592000,h3-27=\":443\"; ma=2592000,h3-T051=\":443\"; ma=2592000,h3-T050=\":443\"; ma=2592000,h3-Q046=\":443\"; ma=2592000,h3-Q043=\":443\"; ma=2592000,quic=\":443\"; ma=2592000; v=\"46,43\"","accept-ranges":"none","transfer-encoding":"chunked"}
[debug] [2020-09-27T00:50:10.556Z] <<< HTTP RESPONSE 200 {"content-type":"application/json; charset=UTF-8","vary":"X-Origin, Referer, Origin,Accept-Encoding","date":"Sun, 27 Sep 2020 00:50:11 GMT","server":"ESF","cache-control":"private","x-xss-protection":"0","x-frame-options":"SAMEORIGIN","x-content-type-options":"nosniff","alt-svc":"h3-Q050=\":443\"; ma=2592000,h3-29=\":443\"; ma=2592000,h3-27=\":443\"; ma=2592000,h3-T051=\":443\"; ma=2592000,h3-T050=\":443\"; ma=2592000,h3-Q046=\":443\"; ma=2592000,h3-Q043=\":443\"; ma=2592000,quic=\":443\"; ma=2592000; v=\"46,43\"","accept-ranges":"none","transfer-encoding":"chunked"}
[debug] [2020-09-27T00:50:10.568Z] <<< HTTP RESPONSE 200 {"content-type":"application/json; charset=UTF-8","vary":"X-Origin, Referer, Origin,Accept-Encoding","date":"Sun, 27 Sep 2020 00:50:11 GMT","server":"ESF","cache-control":"private","x-xss-protection":"0","x-frame-options":"SAMEORIGIN","x-content-type-options":"nosniff","alt-svc":"h3-Q050=\":443\"; ma=2592000,h3-29=\":443\"; ma=2592000,h3-27=\":443\"; ma=2592000,h3-T051=\":443\"; ma=2592000,h3-T050=\":443\"; ma=2592000,h3-Q046=\":443\"; ma=2592000,h3-Q043=\":443\"; ma=2592000,quic=\":443\"; ma=2592000; v=\"46,43\"","accept-ranges":"none","transfer-encoding":"chunked"}
[debug] [2020-09-27T00:50:10.569Z] Setting public policy for function helloWorld
[debug] [2020-09-27T00:50:10.570Z] >>> HTTP REQUEST POST https://cloudfunctions.googleapis.com/v1/projects/timetracker-cf86b/locations/us-central1/functions/helloWorld:setIamPolicy  
 {"policy":{"version":3,"bindings":[{"role":"roles/cloudfunctions.invoker","members":["allUsers"]}]},"updateMask":"version,bindings"}
[debug] [2020-09-27T00:50:10.645Z] <<< HTTP RESPONSE 200 {"content-type":"application/json; charset=UTF-8","vary":"X-Origin, Referer, Origin,Accept-Encoding","date":"Sun, 27 Sep 2020 00:50:11 GMT","server":"ESF","cache-control":"private","x-xss-protection":"0","x-frame-options":"SAMEORIGIN","x-content-type-options":"nosniff","alt-svc":"h3-Q050=\":443\"; ma=2592000,h3-29=\":443\"; ma=2592000,h3-27=\":443\"; ma=2592000,h3-T051=\":443\"; ma=2592000,h3-T050=\":443\"; ma=2592000,h3-Q046=\":443\"; ma=2592000,h3-Q043=\":443\"; ma=2592000,quic=\":443\"; ma=2592000; v=\"46,43\"","accept-ranges":"none","transfer-encoding":"chunked"}
[debug] [2020-09-27T00:50:10.645Z] Setting public policy for function getAllUsers
[debug] [2020-09-27T00:50:10.646Z] >>> HTTP REQUEST POST https://cloudfunctions.googleapis.com/v1/projects/timetracker-cf86b/locations/us-central1/functions/getAllUsers:setIamPolicy  
 {"policy":{"version":3,"bindings":[{"role":"roles/cloudfunctions.invoker","members":["allUsers"]}]},"updateMask":"version,bindings"}
[debug] [2020-09-27T00:50:11.065Z] <<< HTTP RESPONSE 200 {"content-type":"application/json; charset=UTF-8","vary":"X-Origin, Referer, Origin,Accept-Encoding","date":"Sun, 27 Sep 2020 00:50:11 GMT","server":"ESF","cache-control":"private","x-xss-protection":"0","x-frame-options":"SAMEORIGIN","x-content-type-options":"nosniff","alt-svc":"h3-Q050=\":443\"; ma=2592000,h3-29=\":443\"; ma=2592000,h3-27=\":443\"; ma=2592000,h3-T051=\":443\"; ma=2592000,h3-T050=\":443\"; ma=2592000,h3-Q046=\":443\"; ma=2592000,h3-Q043=\":443\"; ma=2592000,quic=\":443\"; ma=2592000; v=\"46,43\"","accept-ranges":"none","transfer-encoding":"chunked"}
[debug] [2020-09-27T00:50:11.172Z] <<< HTTP RESPONSE 200 {"content-type":"application/json; charset=UTF-8","vary":"X-Origin, Referer, Origin,Accept-Encoding","date":"Sun, 27 Sep 2020 00:50:11 GMT","server":"ESF","cache-control":"private","x-xss-protection":"0","x-frame-options":"SAMEORIGIN","x-content-type-options":"nosniff","alt-svc":"h3-Q050=\":443\"; ma=2592000,h3-29=\":443\"; ma=2592000,h3-27=\":443\"; ma=2592000,h3-T051=\":443\"; ma=2592000,h3-T050=\":443\"; ma=2592000,h3-Q046=\":443\"; ma=2592000,h3-Q043=\":443\"; ma=2592000,quic=\":443\"; ma=2592000; v=\"46,43\"","accept-ranges":"none","transfer-encoding":"chunked"}
[debug] [2020-09-27T00:50:11.174Z] >>> HTTP REQUEST GET https://cloudfunctions.googleapis.com/v1/projects/timetracker-cf86b/locations/-/functions  
 
[debug] [2020-09-27T00:50:11.833Z] <<< HTTP RESPONSE 200 {"content-type":"application/json; charset=UTF-8","vary":"X-Origin, Referer, Origin,Accept-Encoding","date":"Sun, 27 Sep 2020 00:50:12 GMT","server":"ESF","cache-control":"private","x-xss-protection":"0","x-frame-options":"SAMEORIGIN","x-content-type-options":"nosniff","alt-svc":"h3-Q050=\":443\"; ma=2592000,h3-29=\":443\"; ma=2592000,h3-27=\":443\"; ma=2592000,h3-T051=\":443\"; ma=2592000,h3-T050=\":443\"; ma=2592000,h3-Q046=\":443\"; ma=2592000,h3-Q043=\":443\"; ma=2592000,quic=\":443\"; ma=2592000; v=\"46,43\"","accept-ranges":"none","transfer-encoding":"chunked"}
[debug] [2020-09-27T00:50:11.836Z] >>> HTTP REQUEST GET https://cloudfunctions.googleapis.com/v1/operations/dGltZXRyYWNrZXItY2Y4NmIvdXMtY2VudHJhbDEvaGVsbG9Xb3JsZC9TTEpfODU4czZXVQ  
 
[debug] [2020-09-27T00:50:11.837Z] >>> HTTP REQUEST GET https://cloudfunctions.googleapis.com/v1/operations/dGltZXRyYWNrZXItY2Y4NmIvdXMtY2VudHJhbDEvZ2V0QWxsVXNlcnMvM0tOQkUwZlhQSDA  
 
[debug] [2020-09-27T00:50:11.837Z] >>> HTTP REQUEST GET https://cloudfunctions.googleapis.com/v1/operations/dGltZXRyYWNrZXItY2Y4NmIvdXMtY2VudHJhbDEvdXNlckpvaW4vQ0dSX1M4T2lkOUU  
 
[debug] [2020-09-27T00:50:11.838Z] >>> HTTP REQUEST GET https://cloudfunctions.googleapis.com/v1/operations/dGltZXRyYWNrZXItY2Y4NmIvdXMtY2VudHJhbDEvbGlzdEFsbFVzZXJzL0dyV3ZwUE1iTi1F  
 
[debug] [2020-09-27T00:50:12.240Z] <<< HTTP RESPONSE 200 {"content-type":"application/json; charset=UTF-8","vary":"X-Origin, Referer, Origin,Accept-Encoding","date":"Sun, 27 Sep 2020 00:50:12 GMT","server":"ESF","cache-control":"private","x-xss-protection":"0","x-frame-options":"SAMEORIGIN","x-content-type-options":"nosniff","alt-svc":"h3-Q050=\":443\"; ma=2592000,h3-29=\":443\"; ma=2592000,h3-27=\":443\"; ma=2592000,h3-T051=\":443\"; ma=2592000,h3-T050=\":443\"; ma=2592000,h3-Q046=\":443\"; ma=2592000,h3-Q043=\":443\"; ma=2592000,quic=\":443\"; ma=2592000; v=\"46,43\"","accept-ranges":"none","transfer-encoding":"chunked"}
[debug] [2020-09-27T00:50:12.256Z] <<< HTTP RESPONSE 200 {"content-type":"application/json; charset=UTF-8","vary":"X-Origin, Referer, Origin,Accept-Encoding","date":"Sun, 27 Sep 2020 00:50:12 GMT","server":"ESF","cache-control":"private","x-xss-protection":"0","x-frame-options":"SAMEORIGIN","x-content-type-options":"nosniff","alt-svc":"h3-Q050=\":443\"; ma=2592000,h3-29=\":443\"; ma=2592000,h3-27=\":443\"; ma=2592000,h3-T051=\":443\"; ma=2592000,h3-T050=\":443\"; ma=2592000,h3-Q046=\":443\"; ma=2592000,h3-Q043=\":443\"; ma=2592000,quic=\":443\"; ma=2592000; v=\"46,43\"","accept-ranges":"none","transfer-encoding":"chunked"}
[debug] [2020-09-27T00:50:12.258Z] <<< HTTP RESPONSE 200 {"content-type":"application/json; charset=UTF-8","vary":"X-Origin, Referer, Origin,Accept-Encoding","date":"Sun, 27 Sep 2020 00:50:12 GMT","server":"ESF","cache-control":"private","x-xss-protection":"0","x-frame-options":"SAMEORIGIN","x-content-type-options":"nosniff","alt-svc":"h3-Q050=\":443\"; ma=2592000,h3-29=\":443\"; ma=2592000,h3-27=\":443\"; ma=2592000,h3-T051=\":443\"; ma=2592000,h3-T050=\":443\"; ma=2592000,h3-Q046=\":443\"; ma=2592000,h3-Q043=\":443\"; ma=2592000,quic=\":443\"; ma=2592000; v=\"46,43\"","accept-ranges":"none","transfer-encoding":"chunked"}
[debug] [2020-09-27T00:50:12.260Z] <<< HTTP RESPONSE 200 {"content-type":"application/json; charset=UTF-8","vary":"X-Origin, Referer, Origin,Accept-Encoding","date":"Sun, 27 Sep 2020 00:50:12 GMT","server":"ESF","cache-control":"private","x-xss-protection":"0","x-frame-options":"SAMEORIGIN","x-content-type-options":"nosniff","alt-svc":"h3-Q050=\":443\"; ma=2592000,h3-29=\":443\"; ma=2592000,h3-27=\":443\"; ma=2592000,h3-T051=\":443\"; ma=2592000,h3-T050=\":443\"; ma=2592000,h3-Q046=\":443\"; ma=2592000,h3-Q043=\":443\"; ma=2592000,quic=\":443\"; ma=2592000; v=\"46,43\"","accept-ranges":"none","transfer-encoding":"chunked"}
[debug] [2020-09-27T00:50:14.245Z] >>> HTTP REQUEST GET https://cloudfunctions.googleapis.com/v1/operations/dGltZXRyYWNrZXItY2Y4NmIvdXMtY2VudHJhbDEvZ2V0QWxsVXNlcnMvM0tOQkUwZlhQSDA  
 
[debug] [2020-09-27T00:50:14.261Z] >>> HTTP REQUEST GET https://cloudfunctions.googleapis.com/v1/operations/dGltZXRyYWNrZXItY2Y4NmIvdXMtY2VudHJhbDEvaGVsbG9Xb3JsZC9TTEpfODU4czZXVQ  
 
[debug] [2020-09-27T00:50:14.265Z] >>> HTTP REQUEST GET https://cloudfunctions.googleapis.com/v1/operations/dGltZXRyYWNrZXItY2Y4NmIvdXMtY2VudHJhbDEvbGlzdEFsbFVzZXJzL0dyV3ZwUE1iTi1F  
 
[debug] [2020-09-27T00:50:14.266Z] >>> HTTP REQUEST GET https://cloudfunctions.googleapis.com/v1/operations/dGltZXRyYWNrZXItY2Y4NmIvdXMtY2VudHJhbDEvdXNlckpvaW4vQ0dSX1M4T2lkOUU  
 
[debug] [2020-09-27T00:50:14.848Z] <<< HTTP RESPONSE 200 {"content-type":"application/json; charset=UTF-8","vary":"X-Origin, Referer, Origin,Accept-Encoding","date":"Sun, 27 Sep 2020 00:50:15 GMT","server":"ESF","cache-control":"private","x-xss-protection":"0","x-frame-options":"SAMEORIGIN","x-content-type-options":"nosniff","alt-svc":"h3-Q050=\":443\"; ma=2592000,h3-29=\":443\"; ma=2592000,h3-27=\":443\"; ma=2592000,h3-T051=\":443\"; ma=2592000,h3-T050=\":443\"; ma=2592000,h3-Q046=\":443\"; ma=2592000,h3-Q043=\":443\"; ma=2592000,quic=\":443\"; ma=2592000; v=\"46,43\"","accept-ranges":"none","transfer-encoding":"chunked"}
[debug] [2020-09-27T00:50:14.849Z] <<< HTTP RESPONSE 200 {"content-type":"application/json; charset=UTF-8","vary":"X-Origin, Referer, Origin,Accept-Encoding","date":"Sun, 27 Sep 2020 00:50:15 GMT","server":"ESF","cache-control":"private","x-xss-protection":"0","x-frame-options":"SAMEORIGIN","x-content-type-options":"nosniff","alt-svc":"h3-Q050=\":443\"; ma=2592000,h3-29=\":443\"; ma=2592000,h3-27=\":443\"; ma=2592000,h3-T051=\":443\"; ma=2592000,h3-T050=\":443\"; ma=2592000,h3-Q046=\":443\"; ma=2592000,h3-Q043=\":443\"; ma=2592000,quic=\":443\"; ma=2592000; v=\"46,43\"","accept-ranges":"none","transfer-encoding":"chunked"}
[debug] [2020-09-27T00:50:14.851Z] <<< HTTP RESPONSE 200 {"content-type":"application/json; charset=UTF-8","vary":"X-Origin, Referer, Origin,Accept-Encoding","date":"Sun, 27 Sep 2020 00:50:15 GMT","server":"ESF","cache-control":"private","x-xss-protection":"0","x-frame-options":"SAMEORIGIN","x-content-type-options":"nosniff","alt-svc":"h3-Q050=\":443\"; ma=2592000,h3-29=\":443\"; ma=2592000,h3-27=\":443\"; ma=2592000,h3-T051=\":443\"; ma=2592000,h3-T050=\":443\"; ma=2592000,h3-Q046=\":443\"; ma=2592000,h3-Q043=\":443\"; ma=2592000,quic=\":443\"; ma=2592000; v=\"46,43\"","accept-ranges":"none","transfer-encoding":"chunked"}
[info] +  functions[listAllUsers(us-central1)]: Successful delete operation.  
[debug] [2020-09-27T00:50:14.857Z] <<< HTTP RESPONSE 200 {"content-type":"application/json; charset=UTF-8","vary":"X-Origin, Referer, Origin,Accept-Encoding","date":"Sun, 27 Sep 2020 00:50:15 GMT","server":"ESF","cache-control":"private","x-xss-protection":"0","x-frame-options":"SAMEORIGIN","x-content-type-options":"nosniff","alt-svc":"h3-Q050=\":443\"; ma=2592000,h3-29=\":443\"; ma=2592000,h3-27=\":443\"; ma=2592000,h3-T051=\":443\"; ma=2592000,h3-T050=\":443\"; ma=2592000,h3-Q046=\":443\"; ma=2592000,h3-Q043=\":443\"; ma=2592000,quic=\":443\"; ma=2592000; v=\"46,43\"","accept-ranges":"none","transfer-encoding":"chunked"}
[debug] [2020-09-27T00:50:16.849Z] >>> HTTP REQUEST GET https://cloudfunctions.googleapis.com/v1/operations/dGltZXRyYWNrZXItY2Y4NmIvdXMtY2VudHJhbDEvdXNlckpvaW4vQ0dSX1M4T2lkOUU  
 
[debug] [2020-09-27T00:50:16.852Z] >>> HTTP REQUEST GET https://cloudfunctions.googleapis.com/v1/operations/dGltZXRyYWNrZXItY2Y4NmIvdXMtY2VudHJhbDEvZ2V0QWxsVXNlcnMvM0tOQkUwZlhQSDA  
 
[debug] [2020-09-27T00:50:16.859Z] >>> HTTP REQUEST GET https://cloudfunctions.googleapis.com/v1/operations/dGltZXRyYWNrZXItY2Y4NmIvdXMtY2VudHJhbDEvaGVsbG9Xb3JsZC9TTEpfODU4czZXVQ  
 
[debug] [2020-09-27T00:50:17.218Z] <<< HTTP RESPONSE 200 {"content-type":"application/json; charset=UTF-8","vary":"X-Origin, Referer, Origin,Accept-Encoding","date":"Sun, 27 Sep 2020 00:50:17 GMT","server":"ESF","cache-control":"private","x-xss-protection":"0","x-frame-options":"SAMEORIGIN","x-content-type-options":"nosniff","alt-svc":"h3-Q050=\":443\"; ma=2592000,h3-29=\":443\"; ma=2592000,h3-27=\":443\"; ma=2592000,h3-T051=\":443\"; ma=2592000,h3-T050=\":443\"; ma=2592000,h3-Q046=\":443\"; ma=2592000,h3-Q043=\":443\"; ma=2592000,quic=\":443\"; ma=2592000; v=\"46,43\"","accept-ranges":"none","transfer-encoding":"chunked"}
[debug] [2020-09-27T00:50:17.220Z] <<< HTTP RESPONSE 200 {"content-type":"application/json; charset=UTF-8","vary":"X-Origin, Referer, Origin,Accept-Encoding","date":"Sun, 27 Sep 2020 00:50:17 GMT","server":"ESF","cache-control":"private","x-xss-protection":"0","x-frame-options":"SAMEORIGIN","x-content-type-options":"nosniff","alt-svc":"h3-Q050=\":443\"; ma=2592000,h3-29=\":443\"; ma=2592000,h3-27=\":443\"; ma=2592000,h3-T051=\":443\"; ma=2592000,h3-T050=\":443\"; ma=2592000,h3-Q046=\":443\"; ma=2592000,h3-Q043=\":443\"; ma=2592000,quic=\":443\"; ma=2592000; v=\"46,43\"","accept-ranges":"none","transfer-encoding":"chunked"}
[debug] [2020-09-27T00:50:17.232Z] <<< HTTP RESPONSE 200 {"content-type":"application/json; charset=UTF-8","vary":"X-Origin, Referer, Origin,Accept-Encoding","date":"Sun, 27 Sep 2020 00:50:17 GMT","server":"ESF","cache-control":"private","x-xss-protection":"0","x-frame-options":"SAMEORIGIN","x-content-type-options":"nosniff","alt-svc":"h3-Q050=\":443\"; ma=2592000,h3-29=\":443\"; ma=2592000,h3-27=\":443\"; ma=2592000,h3-T051=\":443\"; ma=2592000,h3-T050=\":443\"; ma=2592000,h3-Q046=\":443\"; ma=2592000,h3-Q043=\":443\"; ma=2592000,quic=\":443\"; ma=2592000; v=\"46,43\"","accept-ranges":"none","transfer-encoding":"chunked"}
[debug] [2020-09-27T00:50:19.225Z] >>> HTTP REQUEST GET https://cloudfunctions.googleapis.com/v1/operations/dGltZXRyYWNrZXItY2Y4NmIvdXMtY2VudHJhbDEvZ2V0QWxsVXNlcnMvM0tOQkUwZlhQSDA  
 
[debug] [2020-09-27T00:50:19.226Z] >>> HTTP REQUEST GET https://cloudfunctions.googleapis.com/v1/operations/dGltZXRyYWNrZXItY2Y4NmIvdXMtY2VudHJhbDEvdXNlckpvaW4vQ0dSX1M4T2lkOUU  
 
[debug] [2020-09-27T00:50:19.241Z] >>> HTTP REQUEST GET https://cloudfunctions.googleapis.com/v1/operations/dGltZXRyYWNrZXItY2Y4NmIvdXMtY2VudHJhbDEvaGVsbG9Xb3JsZC9TTEpfODU4czZXVQ  
 
[debug] [2020-09-27T00:50:19.572Z] <<< HTTP RESPONSE 200 {"content-type":"application/json; charset=UTF-8","vary":"X-Origin, Referer, Origin,Accept-Encoding","date":"Sun, 27 Sep 2020 00:50:20 GMT","server":"ESF","cache-control":"private","x-xss-protection":"0","x-frame-options":"SAMEORIGIN","x-content-type-options":"nosniff","alt-svc":"h3-Q050=\":443\"; ma=2592000,h3-29=\":443\"; ma=2592000,h3-27=\":443\"; ma=2592000,h3-T051=\":443\"; ma=2592000,h3-T050=\":443\"; ma=2592000,h3-Q046=\":443\"; ma=2592000,h3-Q043=\":443\"; ma=2592000,quic=\":443\"; ma=2592000; v=\"46,43\"","accept-ranges":"none","transfer-encoding":"chunked"}
[debug] [2020-09-27T00:50:19.583Z] <<< HTTP RESPONSE 200 {"content-type":"application/json; charset=UTF-8","vary":"X-Origin, Referer, Origin,Accept-Encoding","date":"Sun, 27 Sep 2020 00:50:20 GMT","server":"ESF","cache-control":"private","x-xss-protection":"0","x-frame-options":"SAMEORIGIN","x-content-type-options":"nosniff","alt-svc":"h3-Q050=\":443\"; ma=2592000,h3-29=\":443\"; ma=2592000,h3-27=\":443\"; ma=2592000,h3-T051=\":443\"; ma=2592000,h3-T050=\":443\"; ma=2592000,h3-Q046=\":443\"; ma=2592000,h3-Q043=\":443\"; ma=2592000,quic=\":443\"; ma=2592000; v=\"46,43\"","accept-ranges":"none","transfer-encoding":"chunked"}
[debug] [2020-09-27T00:50:19.586Z] <<< HTTP RESPONSE 200 {"content-type":"application/json; charset=UTF-8","vary":"X-Origin, Referer, Origin,Accept-Encoding","date":"Sun, 27 Sep 2020 00:50:20 GMT","server":"ESF","cache-control":"private","x-xss-protection":"0","x-frame-options":"SAMEORIGIN","x-content-type-options":"nosniff","alt-svc":"h3-Q050=\":443\"; ma=2592000,h3-29=\":443\"; ma=2592000,h3-27=\":443\"; ma=2592000,h3-T051=\":443\"; ma=2592000,h3-T050=\":443\"; ma=2592000,h3-Q046=\":443\"; ma=2592000,h3-Q043=\":443\"; ma=2592000,quic=\":443\"; ma=2592000; v=\"46,43\"","accept-ranges":"none","transfer-encoding":"chunked"}
[debug] [2020-09-27T00:50:21.574Z] >>> HTTP REQUEST GET https://cloudfunctions.googleapis.com/v1/operations/dGltZXRyYWNrZXItY2Y4NmIvdXMtY2VudHJhbDEvZ2V0QWxsVXNlcnMvM0tOQkUwZlhQSDA  
 
[debug] [2020-09-27T00:50:21.585Z] >>> HTTP REQUEST GET https://cloudfunctions.googleapis.com/v1/operations/dGltZXRyYWNrZXItY2Y4NmIvdXMtY2VudHJhbDEvdXNlckpvaW4vQ0dSX1M4T2lkOUU  
 
[debug] [2020-09-27T00:50:21.588Z] >>> HTTP REQUEST GET https://cloudfunctions.googleapis.com/v1/operations/dGltZXRyYWNrZXItY2Y4NmIvdXMtY2VudHJhbDEvaGVsbG9Xb3JsZC9TTEpfODU4czZXVQ  
 
[debug] [2020-09-27T00:50:21.995Z] <<< HTTP RESPONSE 200 {"content-type":"application/json; charset=UTF-8","vary":"X-Origin, Referer, Origin,Accept-Encoding","date":"Sun, 27 Sep 2020 00:50:22 GMT","server":"ESF","cache-control":"private","x-xss-protection":"0","x-frame-options":"SAMEORIGIN","x-content-type-options":"nosniff","alt-svc":"h3-Q050=\":443\"; ma=2592000,h3-29=\":443\"; ma=2592000,h3-27=\":443\"; ma=2592000,h3-T051=\":443\"; ma=2592000,h3-T050=\":443\"; ma=2592000,h3-Q046=\":443\"; ma=2592000,h3-Q043=\":443\"; ma=2592000,quic=\":443\"; ma=2592000; v=\"46,43\"","accept-ranges":"none","transfer-encoding":"chunked"}
[debug] [2020-09-27T00:50:21.997Z] <<< HTTP RESPONSE 200 {"content-type":"application/json; charset=UTF-8","vary":"X-Origin, Referer, Origin,Accept-Encoding","date":"Sun, 27 Sep 2020 00:50:22 GMT","server":"ESF","cache-control":"private","x-xss-protection":"0","x-frame-options":"SAMEORIGIN","x-content-type-options":"nosniff","alt-svc":"h3-Q050=\":443\"; ma=2592000,h3-29=\":443\"; ma=2592000,h3-27=\":443\"; ma=2592000,h3-T051=\":443\"; ma=2592000,h3-T050=\":443\"; ma=2592000,h3-Q046=\":443\"; ma=2592000,h3-Q043=\":443\"; ma=2592000,quic=\":443\"; ma=2592000; v=\"46,43\"","accept-ranges":"none","transfer-encoding":"chunked"}
[debug] [2020-09-27T00:50:21.998Z] <<< HTTP RESPONSE 200 {"content-type":"application/json; charset=UTF-8","vary":"X-Origin, Referer, Origin,Accept-Encoding","date":"Sun, 27 Sep 2020 00:50:22 GMT","server":"ESF","cache-control":"private","x-xss-protection":"0","x-frame-options":"SAMEORIGIN","x-content-type-options":"nosniff","alt-svc":"h3-Q050=\":443\"; ma=2592000,h3-29=\":443\"; ma=2592000,h3-27=\":443\"; ma=2592000,h3-T051=\":443\"; ma=2592000,h3-T050=\":443\"; ma=2592000,h3-Q046=\":443\"; ma=2592000,h3-Q043=\":443\"; ma=2592000,quic=\":443\"; ma=2592000; v=\"46,43\"","accept-ranges":"none","transfer-encoding":"chunked"}
[debug] [2020-09-27T00:50:24.005Z] >>> HTTP REQUEST GET https://cloudfunctions.googleapis.com/v1/operations/dGltZXRyYWNrZXItY2Y4NmIvdXMtY2VudHJhbDEvZ2V0QWxsVXNlcnMvM0tOQkUwZlhQSDA  
 
[debug] [2020-09-27T00:50:24.005Z] >>> HTTP REQUEST GET https://cloudfunctions.googleapis.com/v1/operations/dGltZXRyYWNrZXItY2Y4NmIvdXMtY2VudHJhbDEvdXNlckpvaW4vQ0dSX1M4T2lkOUU  
 
[debug] [2020-09-27T00:50:24.010Z] >>> HTTP REQUEST GET https://cloudfunctions.googleapis.com/v1/operations/dGltZXRyYWNrZXItY2Y4NmIvdXMtY2VudHJhbDEvaGVsbG9Xb3JsZC9TTEpfODU4czZXVQ  
 
[debug] [2020-09-27T00:50:24.343Z] <<< HTTP RESPONSE 200 {"content-type":"application/json; charset=UTF-8","vary":"X-Origin, Referer, Origin,Accept-Encoding","date":"Sun, 27 Sep 2020 00:50:24 GMT","server":"ESF","cache-control":"private","x-xss-protection":"0","x-frame-options":"SAMEORIGIN","x-content-type-options":"nosniff","alt-svc":"h3-Q050=\":443\"; ma=2592000,h3-29=\":443\"; ma=2592000,h3-27=\":443\"; ma=2592000,h3-T051=\":443\"; ma=2592000,h3-T050=\":443\"; ma=2592000,h3-Q046=\":443\"; ma=2592000,h3-Q043=\":443\"; ma=2592000,quic=\":443\"; ma=2592000; v=\"46,43\"","accept-ranges":"none","transfer-encoding":"chunked"}
[debug] [2020-09-27T00:50:24.347Z] <<< HTTP RESPONSE 200 {"content-type":"application/json; charset=UTF-8","vary":"X-Origin, Referer, Origin,Accept-Encoding","date":"Sun, 27 Sep 2020 00:50:24 GMT","server":"ESF","cache-control":"private","x-xss-protection":"0","x-frame-options":"SAMEORIGIN","x-content-type-options":"nosniff","alt-svc":"h3-Q050=\":443\"; ma=2592000,h3-29=\":443\"; ma=2592000,h3-27=\":443\"; ma=2592000,h3-T051=\":443\"; ma=2592000,h3-T050=\":443\"; ma=2592000,h3-Q046=\":443\"; ma=2592000,h3-Q043=\":443\"; ma=2592000,quic=\":443\"; ma=2592000; v=\"46,43\"","accept-ranges":"none","transfer-encoding":"chunked"}
[debug] [2020-09-27T00:50:24.358Z] <<< HTTP RESPONSE 200 {"content-type":"application/json; charset=UTF-8","vary":"X-Origin, Referer, Origin,Accept-Encoding","date":"Sun, 27 Sep 2020 00:50:24 GMT","server":"ESF","cache-control":"private","x-xss-protection":"0","x-frame-options":"SAMEORIGIN","x-content-type-options":"nosniff","alt-svc":"h3-Q050=\":443\"; ma=2592000,h3-29=\":443\"; ma=2592000,h3-27=\":443\"; ma=2592000,h3-T051=\":443\"; ma=2592000,h3-T050=\":443\"; ma=2592000,h3-Q046=\":443\"; ma=2592000,h3-Q043=\":443\"; ma=2592000,quic=\":443\"; ma=2592000; v=\"46,43\"","accept-ranges":"none","transfer-encoding":"chunked"}
[debug] [2020-09-27T00:50:26.354Z] >>> HTTP REQUEST GET https://cloudfunctions.googleapis.com/v1/operations/dGltZXRyYWNrZXItY2Y4NmIvdXMtY2VudHJhbDEvZ2V0QWxsVXNlcnMvM0tOQkUwZlhQSDA  
 
[debug] [2020-09-27T00:50:26.354Z] >>> HTTP REQUEST GET https://cloudfunctions.googleapis.com/v1/operations/dGltZXRyYWNrZXItY2Y4NmIvdXMtY2VudHJhbDEvaGVsbG9Xb3JsZC9TTEpfODU4czZXVQ  
 
[debug] [2020-09-27T00:50:26.369Z] >>> HTTP REQUEST GET https://cloudfunctions.googleapis.com/v1/operations/dGltZXRyYWNrZXItY2Y4NmIvdXMtY2VudHJhbDEvdXNlckpvaW4vQ0dSX1M4T2lkOUU  
 
[debug] [2020-09-27T00:50:26.693Z] <<< HTTP RESPONSE 200 {"content-type":"application/json; charset=UTF-8","vary":"X-Origin, Referer, Origin,Accept-Encoding","date":"Sun, 27 Sep 2020 00:50:27 GMT","server":"ESF","cache-control":"private","x-xss-protection":"0","x-frame-options":"SAMEORIGIN","x-content-type-options":"nosniff","alt-svc":"h3-Q050=\":443\"; ma=2592000,h3-29=\":443\"; ma=2592000,h3-27=\":443\"; ma=2592000,h3-T051=\":443\"; ma=2592000,h3-T050=\":443\"; ma=2592000,h3-Q046=\":443\"; ma=2592000,h3-Q043=\":443\"; ma=2592000,quic=\":443\"; ma=2592000; v=\"46,43\"","accept-ranges":"none","transfer-encoding":"chunked"}
[debug] [2020-09-27T00:50:26.710Z] <<< HTTP RESPONSE 200 {"content-type":"application/json; charset=UTF-8","vary":"X-Origin, Referer, Origin,Accept-Encoding","date":"Sun, 27 Sep 2020 00:50:27 GMT","server":"ESF","cache-control":"private","x-xss-protection":"0","x-frame-options":"SAMEORIGIN","x-content-type-options":"nosniff","alt-svc":"h3-Q050=\":443\"; ma=2592000,h3-29=\":443\"; ma=2592000,h3-27=\":443\"; ma=2592000,h3-T051=\":443\"; ma=2592000,h3-T050=\":443\"; ma=2592000,h3-Q046=\":443\"; ma=2592000,h3-Q043=\":443\"; ma=2592000,quic=\":443\"; ma=2592000; v=\"46,43\"","accept-ranges":"none","transfer-encoding":"chunked"}
[debug] [2020-09-27T00:50:26.715Z] <<< HTTP RESPONSE 200 {"content-type":"application/json; charset=UTF-8","vary":"X-Origin, Referer, Origin,Accept-Encoding","date":"Sun, 27 Sep 2020 00:50:27 GMT","server":"ESF","cache-control":"private","x-xss-protection":"0","x-frame-options":"SAMEORIGIN","x-content-type-options":"nosniff","alt-svc":"h3-Q050=\":443\"; ma=2592000,h3-29=\":443\"; ma=2592000,h3-27=\":443\"; ma=2592000,h3-T051=\":443\"; ma=2592000,h3-T050=\":443\"; ma=2592000,h3-Q046=\":443\"; ma=2592000,h3-Q043=\":443\"; ma=2592000,quic=\":443\"; ma=2592000; v=\"46,43\"","accept-ranges":"none","transfer-encoding":"chunked"}
[debug] [2020-09-27T00:50:28.694Z] >>> HTTP REQUEST GET https://cloudfunctions.googleapis.com/v1/operations/dGltZXRyYWNrZXItY2Y4NmIvdXMtY2VudHJhbDEvaGVsbG9Xb3JsZC9TTEpfODU4czZXVQ  
 
[debug] [2020-09-27T00:50:28.713Z] >>> HTTP REQUEST GET https://cloudfunctions.googleapis.com/v1/operations/dGltZXRyYWNrZXItY2Y4NmIvdXMtY2VudHJhbDEvZ2V0QWxsVXNlcnMvM0tOQkUwZlhQSDA  
 
[debug] [2020-09-27T00:50:28.715Z] >>> HTTP REQUEST GET https://cloudfunctions.googleapis.com/v1/operations/dGltZXRyYWNrZXItY2Y4NmIvdXMtY2VudHJhbDEvdXNlckpvaW4vQ0dSX1M4T2lkOUU  
 
[debug] [2020-09-27T00:50:29.055Z] <<< HTTP RESPONSE 200 {"content-type":"application/json; charset=UTF-8","vary":"X-Origin, Referer, Origin,Accept-Encoding","date":"Sun, 27 Sep 2020 00:50:29 GMT","server":"ESF","cache-control":"private","x-xss-protection":"0","x-frame-options":"SAMEORIGIN","x-content-type-options":"nosniff","alt-svc":"h3-Q050=\":443\"; ma=2592000,h3-29=\":443\"; ma=2592000,h3-27=\":443\"; ma=2592000,h3-T051=\":443\"; ma=2592000,h3-T050=\":443\"; ma=2592000,h3-Q046=\":443\"; ma=2592000,h3-Q043=\":443\"; ma=2592000,quic=\":443\"; ma=2592000; v=\"46,43\"","accept-ranges":"none","transfer-encoding":"chunked"}
[debug] [2020-09-27T00:50:29.069Z] <<< HTTP RESPONSE 200 {"content-type":"application/json; charset=UTF-8","vary":"X-Origin, Referer, Origin,Accept-Encoding","date":"Sun, 27 Sep 2020 00:50:29 GMT","server":"ESF","cache-control":"private","x-xss-protection":"0","x-frame-options":"SAMEORIGIN","x-content-type-options":"nosniff","alt-svc":"h3-Q050=\":443\"; ma=2592000,h3-29=\":443\"; ma=2592000,h3-27=\":443\"; ma=2592000,h3-T051=\":443\"; ma=2592000,h3-T050=\":443\"; ma=2592000,h3-Q046=\":443\"; ma=2592000,h3-Q043=\":443\"; ma=2592000,quic=\":443\"; ma=2592000; v=\"46,43\"","accept-ranges":"none","transfer-encoding":"chunked"}
[debug] [2020-09-27T00:50:29.076Z] <<< HTTP RESPONSE 200 {"content-type":"application/json; charset=UTF-8","vary":"X-Origin, Referer, Origin,Accept-Encoding","date":"Sun, 27 Sep 2020 00:50:29 GMT","server":"ESF","cache-control":"private","x-xss-protection":"0","x-frame-options":"SAMEORIGIN","x-content-type-options":"nosniff","alt-svc":"h3-Q050=\":443\"; ma=2592000,h3-29=\":443\"; ma=2592000,h3-27=\":443\"; ma=2592000,h3-T051=\":443\"; ma=2592000,h3-T050=\":443\"; ma=2592000,h3-Q046=\":443\"; ma=2592000,h3-Q043=\":443\"; ma=2592000,quic=\":443\"; ma=2592000; v=\"46,43\"","accept-ranges":"none","transfer-encoding":"chunked"}
[debug] [2020-09-27T00:50:31.071Z] >>> HTTP REQUEST GET https://cloudfunctions.googleapis.com/v1/operations/dGltZXRyYWNrZXItY2Y4NmIvdXMtY2VudHJhbDEvaGVsbG9Xb3JsZC9TTEpfODU4czZXVQ  
 
[debug] [2020-09-27T00:50:31.072Z] >>> HTTP REQUEST GET https://cloudfunctions.googleapis.com/v1/operations/dGltZXRyYWNrZXItY2Y4NmIvdXMtY2VudHJhbDEvdXNlckpvaW4vQ0dSX1M4T2lkOUU  
 
[debug] [2020-09-27T00:50:31.087Z] >>> HTTP REQUEST GET https://cloudfunctions.googleapis.com/v1/operations/dGltZXRyYWNrZXItY2Y4NmIvdXMtY2VudHJhbDEvZ2V0QWxsVXNlcnMvM0tOQkUwZlhQSDA  
 
[debug] [2020-09-27T00:50:31.484Z] <<< HTTP RESPONSE 200 {"content-type":"application/json; charset=UTF-8","vary":"X-Origin, Referer, Origin,Accept-Encoding","date":"Sun, 27 Sep 2020 00:50:31 GMT","server":"ESF","cache-control":"private","x-xss-protection":"0","x-frame-options":"SAMEORIGIN","x-content-type-options":"nosniff","alt-svc":"h3-Q050=\":443\"; ma=2592000,h3-29=\":443\"; ma=2592000,h3-27=\":443\"; ma=2592000,h3-T051=\":443\"; ma=2592000,h3-T050=\":443\"; ma=2592000,h3-Q046=\":443\"; ma=2592000,h3-Q043=\":443\"; ma=2592000,quic=\":443\"; ma=2592000; v=\"46,43\"","accept-ranges":"none","transfer-encoding":"chunked"}
[debug] [2020-09-27T00:50:31.488Z] <<< HTTP RESPONSE 200 {"content-type":"application/json; charset=UTF-8","vary":"X-Origin, Referer, Origin,Accept-Encoding","date":"Sun, 27 Sep 2020 00:50:31 GMT","server":"ESF","cache-control":"private","x-xss-protection":"0","x-frame-options":"SAMEORIGIN","x-content-type-options":"nosniff","alt-svc":"h3-Q050=\":443\"; ma=2592000,h3-29=\":443\"; ma=2592000,h3-27=\":443\"; ma=2592000,h3-T051=\":443\"; ma=2592000,h3-T050=\":443\"; ma=2592000,h3-Q046=\":443\"; ma=2592000,h3-Q043=\":443\"; ma=2592000,quic=\":443\"; ma=2592000; v=\"46,43\"","accept-ranges":"none","transfer-encoding":"chunked"}
[debug] [2020-09-27T00:50:31.504Z] <<< HTTP RESPONSE 200 {"content-type":"application/json; charset=UTF-8","vary":"X-Origin, Referer, Origin,Accept-Encoding","date":"Sun, 27 Sep 2020 00:50:31 GMT","server":"ESF","cache-control":"private","x-xss-protection":"0","x-frame-options":"SAMEORIGIN","x-content-type-options":"nosniff","alt-svc":"h3-Q050=\":443\"; ma=2592000,h3-29=\":443\"; ma=2592000,h3-27=\":443\"; ma=2592000,h3-T051=\":443\"; ma=2592000,h3-T050=\":443\"; ma=2592000,h3-Q046=\":443\"; ma=2592000,h3-Q043=\":443\"; ma=2592000,quic=\":443\"; ma=2592000; v=\"46,43\"","accept-ranges":"none","transfer-encoding":"chunked"}
[debug] [2020-09-27T00:50:33.486Z] >>> HTTP REQUEST GET https://cloudfunctions.googleapis.com/v1/operations/dGltZXRyYWNrZXItY2Y4NmIvdXMtY2VudHJhbDEvZ2V0QWxsVXNlcnMvM0tOQkUwZlhQSDA  
 
[debug] [2020-09-27T00:50:33.488Z] >>> HTTP REQUEST GET https://cloudfunctions.googleapis.com/v1/operations/dGltZXRyYWNrZXItY2Y4NmIvdXMtY2VudHJhbDEvaGVsbG9Xb3JsZC9TTEpfODU4czZXVQ  
 
[debug] [2020-09-27T00:50:33.505Z] >>> HTTP REQUEST GET https://cloudfunctions.googleapis.com/v1/operations/dGltZXRyYWNrZXItY2Y4NmIvdXMtY2VudHJhbDEvdXNlckpvaW4vQ0dSX1M4T2lkOUU  
 
[debug] [2020-09-27T00:50:33.826Z] <<< HTTP RESPONSE 200 {"content-type":"application/json; charset=UTF-8","vary":"X-Origin, Referer, Origin,Accept-Encoding","date":"Sun, 27 Sep 2020 00:50:34 GMT","server":"ESF","cache-control":"private","x-xss-protection":"0","x-frame-options":"SAMEORIGIN","x-content-type-options":"nosniff","alt-svc":"h3-Q050=\":443\"; ma=2592000,h3-29=\":443\"; ma=2592000,h3-27=\":443\"; ma=2592000,h3-T051=\":443\"; ma=2592000,h3-T050=\":443\"; ma=2592000,h3-Q046=\":443\"; ma=2592000,h3-Q043=\":443\"; ma=2592000,quic=\":443\"; ma=2592000; v=\"46,43\"","accept-ranges":"none","transfer-encoding":"chunked"}
[debug] [2020-09-27T00:50:33.833Z] <<< HTTP RESPONSE 200 {"content-type":"application/json; charset=UTF-8","vary":"X-Origin, Referer, Origin,Accept-Encoding","date":"Sun, 27 Sep 2020 00:50:34 GMT","server":"ESF","cache-control":"private","x-xss-protection":"0","x-frame-options":"SAMEORIGIN","x-content-type-options":"nosniff","alt-svc":"h3-Q050=\":443\"; ma=2592000,h3-29=\":443\"; ma=2592000,h3-27=\":443\"; ma=2592000,h3-T051=\":443\"; ma=2592000,h3-T050=\":443\"; ma=2592000,h3-Q046=\":443\"; ma=2592000,h3-Q043=\":443\"; ma=2592000,quic=\":443\"; ma=2592000; v=\"46,43\"","accept-ranges":"none","transfer-encoding":"chunked"}
[debug] [2020-09-27T00:50:33.843Z] <<< HTTP RESPONSE 200 {"content-type":"application/json; charset=UTF-8","vary":"X-Origin, Referer, Origin,Accept-Encoding","date":"Sun, 27 Sep 2020 00:50:34 GMT","server":"ESF","cache-control":"private","x-xss-protection":"0","x-frame-options":"SAMEORIGIN","x-content-type-options":"nosniff","alt-svc":"h3-Q050=\":443\"; ma=2592000,h3-29=\":443\"; ma=2592000,h3-27=\":443\"; ma=2592000,h3-T051=\":443\"; ma=2592000,h3-T050=\":443\"; ma=2592000,h3-Q046=\":443\"; ma=2592000,h3-Q043=\":443\"; ma=2592000,quic=\":443\"; ma=2592000; v=\"46,43\"","accept-ranges":"none","transfer-encoding":"chunked"}
